<?xml version="1.0" encoding="UTF-8"?>
<testng-results ignored="0" total="1" passed="1" failed="0" skipped="0">
  <reporter-output>
  </reporter-output>
  <suite started-at="2025-01-09T13:10:43 IST" name="Default suite" finished-at="2025-01-09T13:10:45 IST" duration-ms="2262">
    <groups>
    </groups>
    <test started-at="2025-01-09T13:10:43 IST" name="Default test" finished-at="2025-01-09T13:10:45 IST" duration-ms="2262">
      <class name="restAssuredTest.Get_Request">
        <test-method signature="validateAPIResponse()[pri:2, instance:restAssuredTest.Get_Request@4c12331b]" started-at="2025-01-09T13:10:43 IST" name="validateAPIResponse" finished-at="2025-01-09T13:10:45 IST" duration-ms="2230" status="PASS">
          <reporter-output>
          </reporter-output>
        </test-method> <!-- validateAPIResponse -->
      </class> <!-- restAssuredTest.Get_Request -->
    </test> <!-- Default test -->
  </suite> <!-- Default suite -->
</testng-results>
